<?xml version="1.0" encoding="UTF-8"?>
<testsuite name="UserTest" tests="1" skipped="0" failures="0" errors="0" timestamp="2022-10-25T10:52:46" hostname="MSI" time="0.015">
  <properties/>
  <testcase name="user_exists()" classname="UserTest" time="0.015"/>
  <system-out><![CDATA[]]></system-out>
  <system-err><![CDATA[]]></system-err>
</testsuite>
